<?xml version="1.0" encoding="UTF-8"?>
<!-- Generated by org.testng.reporters.JUnitReportReporter -->
<testsuite hostname="DESKTOP-UUPIJUK" failures="0" tests="6" name="com.nexsoft.cicool.TestLoginUser" time="8.251" errors="0" timestamp="2022-06-15T20:21:29 WIB" skipped="1">
  <testcase classname="com.nexsoft.cicool.TestLoginUser" name="loginValid" time="2.825"/>
  <system-out/>
  <testcase classname="com.nexsoft.cicool.TestLoginUser" name="emailValidPasswordError" time="1.379"/>
  <system-out/>
  <testcase classname="com.nexsoft.cicool.TestLoginUser" name="emailErrorPasswordError" time="1.237"/>
  <system-out/>
  <testcase classname="com.nexsoft.cicool.TestLoginUser" name="emailKosongPasswordKosong" time="1.247"/>
  <system-out/>
  <testcase classname="com.nexsoft.cicool.TestLoginUser" name="emailIsiPasswordKosong" time="1.563"/>
  <system-out/>
  <testcase classname="com.nexsoft.cicool.TestLoginUser" name="login">
    <skipped/>
  </testcase> <!-- login -->
  <system-out/>
</testsuite> <!-- com.nexsoft.cicool.TestLoginUser -->
