<?xml version="1.0" encoding="UTF-8"?>
<!-- Generated by org.testng.reporters.JUnitReportReporter -->
<testsuite hostname="DESKTOP-UUPIJUK" failures="0" tests="6" name="com.nexsoft.cicool.TestLoginUser" time="11.373" errors="0" timestamp="2022-06-15T21:33:08 WIB" skipped="1">
  <testcase classname="com.nexsoft.cicool.TestLoginUser" name="loginValid" time="3.818"/>
  <system-out/>
  <testcase classname="com.nexsoft.cicool.TestLoginUser" name="emailValidPasswordError" time="2.073"/>
  <system-out/>
  <testcase classname="com.nexsoft.cicool.TestLoginUser" name="emailErrorPasswordError" time="1.733"/>
  <system-out/>
  <testcase classname="com.nexsoft.cicool.TestLoginUser" name="emailKosongPasswordKosong" time="1.532"/>
  <system-out/>
  <testcase classname="com.nexsoft.cicool.TestLoginUser" name="masukHalamanLupaPassword" time="2.217"/>
  <system-out/>
  <testcase classname="com.nexsoft.cicool.TestLoginUser" name="login">
    <skipped/>
  </testcase> <!-- login -->
  <system-out/>
</testsuite> <!-- com.nexsoft.cicool.TestLoginUser -->
